2023-03-17 00:42:14 [scrapy.utils.log] INFO: Scrapy 2.8.0 started (bot: manual_scraper_ext)
2023-03-17 00:42:14 [scrapy.utils.log] INFO: Versions: lxml 4.9.2.0, libxml2 2.9.12, cssselect 1.2.0, parsel 1.7.0, w3lib 2.1.1, Twisted 22.10.0, Python 3.10.9 (tags/v3.10.9:1dd9be6, Dec  6 2022, 20:01:21) [MSC v.1934 64 bit (AMD64)], pyOpenSSL 23.0.0 (OpenSSL 3.0.8 7 Feb 2023), cryptography 39.0.2, Platform Windows-10-10.0.19045-SP0
2023-03-17 00:42:14 [scrapy.crawler] INFO: Overridden settings:
{'BOT_NAME': 'manual_scraper_ext',
 'CONCURRENT_REQUESTS': 5,
 'DOWNLOAD_DELAY': 0.3,
 'FEED_EXPORT_ENCODING': 'utf-8',
 'LOG_FILE': 'isc-gmbh.info.log',
 'LOG_LEVEL': 'INFO',
 'NEWSPIDER_MODULE': 'manual_scraper_ext.spiders',
 'REQUEST_FINGERPRINTER_IMPLEMENTATION': '2.7',
 'ROBOTSTXT_OBEY': True,
 'SPIDER_MODULES': ['manual_scraper_ext.spiders'],
 'TWISTED_REACTOR': 'twisted.internet.asyncioreactor.AsyncioSelectorReactor'}
2023-03-17 00:42:14 [scrapy.extensions.telnet] INFO: Telnet Password: ccadce245fcfbba3
2023-03-17 00:42:14 [scrapy.middleware] INFO: Enabled extensions:
['scrapy.extensions.corestats.CoreStats',
 'scrapy.extensions.telnet.TelnetConsole',
 'scrapy.extensions.feedexport.FeedExporter',
 'scrapy.extensions.logstats.LogStats']
2023-03-17 00:42:15 [scrapy.middleware] INFO: Enabled downloader middlewares:
['scrapy.downloadermiddlewares.robotstxt.RobotsTxtMiddleware',
 'scrapy.downloadermiddlewares.httpauth.HttpAuthMiddleware',
 'scrapy.downloadermiddlewares.downloadtimeout.DownloadTimeoutMiddleware',
 'scrapy.downloadermiddlewares.defaultheaders.DefaultHeadersMiddleware',
 'scrapy.downloadermiddlewares.useragent.UserAgentMiddleware',
 'scrapy.downloadermiddlewares.retry.RetryMiddleware',
 'scrapy.downloadermiddlewares.redirect.MetaRefreshMiddleware',
 'scrapy.downloadermiddlewares.httpcompression.HttpCompressionMiddleware',
 'scrapy.downloadermiddlewares.redirect.RedirectMiddleware',
 'scrapy.downloadermiddlewares.cookies.CookiesMiddleware',
 'scrapy.downloadermiddlewares.httpproxy.HttpProxyMiddleware',
 'scrapy.downloadermiddlewares.stats.DownloaderStats']
2023-03-17 00:42:15 [scrapy.middleware] INFO: Enabled spider middlewares:
['scrapy.spidermiddlewares.httperror.HttpErrorMiddleware',
 'scrapy.spidermiddlewares.offsite.OffsiteMiddleware',
 'scrapy.spidermiddlewares.referer.RefererMiddleware',
 'scrapy.spidermiddlewares.urllength.UrlLengthMiddleware',
 'scrapy.spidermiddlewares.depth.DepthMiddleware']
2023-03-17 00:42:15 [scrapy.middleware] INFO: Enabled item pipelines:
[]
2023-03-17 00:42:15 [scrapy.core.engine] INFO: Spider opened
2023-03-17 00:42:15 [scrapy.extensions.logstats] INFO: Crawled 0 pages (at 0 pages/min), scraped 0 items (at 0 items/min)
2023-03-17 00:42:15 [scrapy.extensions.telnet] INFO: Telnet console listening on 127.0.0.1:6023
2023-03-17 00:43:15 [scrapy.extensions.logstats] INFO: Crawled 106 pages (at 106 pages/min), scraped 45 items (at 45 items/min)
2023-03-17 00:44:15 [scrapy.extensions.logstats] INFO: Crawled 249 pages (at 143 pages/min), scraped 104 items (at 59 items/min)
2023-03-17 00:45:15 [scrapy.extensions.logstats] INFO: Crawled 402 pages (at 153 pages/min), scraped 126 items (at 22 items/min)
2023-03-17 00:46:15 [scrapy.extensions.logstats] INFO: Crawled 560 pages (at 158 pages/min), scraped 131 items (at 5 items/min)
2023-03-17 00:47:15 [scrapy.extensions.logstats] INFO: Crawled 717 pages (at 157 pages/min), scraped 133 items (at 2 items/min)
2023-03-17 00:48:15 [scrapy.extensions.logstats] INFO: Crawled 882 pages (at 165 pages/min), scraped 135 items (at 2 items/min)
2023-03-17 00:48:27 [scrapy.crawler] INFO: Received SIGINT, shutting down gracefully. Send again to force 
2023-03-17 00:48:27 [scrapy.core.engine] INFO: Closing spider (shutdown)
2023-03-17 00:48:27 [scrapy.crawler] INFO: Received SIGINT twice, forcing unclean shutdown
2023-03-17 00:48:27 [scrapy.core.downloader.handlers.http11] WARNING: Got data loss in https://www.isc-gmbh.info/isc_de_en/spareparts/cleaning-car-accessories/energy-stations/ues-12-17-k-41-2.html. If you want to process broken responses set the setting DOWNLOAD_FAIL_ON_DATALOSS = False -- This message won't be shown in further requests
